0 info it worked if it ends with ok
1 verbose cli [ '/usr/local/Cellar/node/0.10.21/bin/node',
1 verbose cli   '/usr/local/bin/npm',
1 verbose cli   'install',
1 verbose cli   '-g',
1 verbose cli   'generator-mrw-angular' ]
2 info using npm@1.3.11
3 info using node@v0.10.21
4 verbose cache add [ 'generator-mrw-angular', null ]
5 verbose cache add name=undefined spec="generator-mrw-angular" args=["generator-mrw-angular",null]
6 verbose parsed url { protocol: null,
6 verbose parsed url   slashes: null,
6 verbose parsed url   auth: null,
6 verbose parsed url   host: null,
6 verbose parsed url   port: null,
6 verbose parsed url   hostname: null,
6 verbose parsed url   hash: null,
6 verbose parsed url   search: null,
6 verbose parsed url   query: null,
6 verbose parsed url   pathname: 'generator-mrw-angular',
6 verbose parsed url   path: 'generator-mrw-angular',
6 verbose parsed url   href: 'generator-mrw-angular' }
7 silly lockFile bb1af688-generator-mrw-angular generator-mrw-angular
8 verbose lock generator-mrw-angular /Users/andersbornholm/.npm/bb1af688-generator-mrw-angular.lock
9 silly lockFile bb1af688-generator-mrw-angular generator-mrw-angular
10 silly lockFile bb1af688-generator-mrw-angular generator-mrw-angular
11 verbose addNamed [ 'generator-mrw-angular', '' ]
12 verbose addNamed [ null, '*' ]
13 silly lockFile e365ade4-generator-mrw-angular generator-mrw-angular@
14 verbose lock generator-mrw-angular@ /Users/andersbornholm/.npm/e365ade4-generator-mrw-angular.lock
15 silly addNameRange { name: 'generator-mrw-angular', range: '*', hasData: false }
16 verbose url raw generator-mrw-angular
17 verbose url resolving [ 'https://registry.npmjs.org/', './generator-mrw-angular' ]
18 verbose url resolved https://registry.npmjs.org/generator-mrw-angular
19 info trying registry request attempt 1 at 09:19:51
20 http GET https://registry.npmjs.org/generator-mrw-angular
21 http 404 https://registry.npmjs.org/generator-mrw-angular
22 silly registry.get cb [ 404,
22 silly registry.get   { date: 'Tue, 21 Jan 2014 08:19:53 GMT',
22 silly registry.get     server: 'CouchDB/1.5.0 (Erlang OTP/R15B03)',
22 silly registry.get     'content-type': 'application/json',
22 silly registry.get     'cache-control': 'max-age=0',
22 silly registry.get     'content-length': '52',
22 silly registry.get     'accept-ranges': 'bytes',
22 silly registry.get     via: '1.1 varnish',
22 silly registry.get     age: '0',
22 silly registry.get     'x-served-by': 'cache-fra1220-FRA',
22 silly registry.get     'x-cache': 'MISS',
22 silly registry.get     'x-cache-hits': '0',
22 silly registry.get     'x-timer': 'S1390292393.009065628,VS0,VE130',
22 silly registry.get     'keep-alive': 'timeout=10, max=50',
22 silly registry.get     connection: 'Keep-Alive' } ]
23 silly lockFile e365ade4-generator-mrw-angular generator-mrw-angular@
24 silly lockFile e365ade4-generator-mrw-angular generator-mrw-angular@
25 error 404 'generator-mrw-angular' is not in the npm registry.
25 error 404 You should bug the author to publish it
25 error 404
25 error 404 Note that you can also install from a
25 error 404 tarball, folder, or http url, or git url.
26 error System Darwin 13.0.0
27 error command "/usr/local/Cellar/node/0.10.21/bin/node" "/usr/local/bin/npm" "install" "-g" "generator-mrw-angular"
28 error cwd /Users/andersbornholm/Dropbox/Development/GuitarJournal
29 error node -v v0.10.21
30 error npm -v 1.3.11
31 error code E404
32 verbose exit [ 1, true ]
