2015-03-20 15:09:20.100 OG Journal[85114:4848386] Apache Cordova native platform version 3.8.0 is starting.
2015-03-20 15:09:20.101 OG Journal[85114:4848386] Multi-tasking -> Device: YES, App: YES
2015-03-20 15:09:20.102 OG Journal[85114:4848386] Unlimited access to network resources
2015-03-20 15:09:20.104 OG Journal[85114:4848386] 

Started backup to iCloud! Please be careful.
Your application might be rejected by Apple if you store too much data.
For more information please read "iOS Data Storage Guidelines" at:
https://developer.apple.com/icloud/documentation/data-storage/
To disable web storage backup to iCloud, set the BackupWebStorage preference to "local" in the Cordova config.xml file

2015-03-20 15:09:20.181 OG Journal[85114:4848386] [CDVTimer][splashscreen] 16.717970ms
2015-03-20 15:09:20.181 OG Journal[85114:4848386] [CDVTimer][TotalPluginStartup] 16.838014ms
2015-03-20 15:09:20.218 OG Journal[85114:4848386] Resetting plugins due to page load.
2015-03-20 15:09:20.240 OG Journal[85114:4848386] Finished load of: file:///Users/abo/Library/Developer/CoreSimulator/Devices/57CFB452-615B-4E1D-A441-5D7817A61AD2/data/Containers/Bundle/Application/4B016431-9E80-469A-BBFD-93CE08B73B77/OG%20Journal.app/www/index2.html
2015-03-20 15:09:20.244 OG Journal[85114:4848386] Resetting plugins due to page load.
2015-03-20 15:09:20.391 OG Journal[85114:4848386] Finished load of: http://jdev.osirisguitar.com/
2015-03-20 15:09:20.395 OG Journal[85114:4848386] Resetting plugins due to page load.
2015-03-20 15:09:21.491 OG Journal[85114:4848386] Finished load of: http://jdev.osirisguitar.com/
2015-03-20 15:09:21.754 OG Journal[85114:4848386] Resetting plugins due to page load.
2015-03-20 15:09:21.899 OG Journal[85114:4848386] Finished load of: http://jdev.osirisguitar.com/
2015-03-20 15:11:18.168 OG Journal[85340:4851418] Apache Cordova native platform version 3.8.0 is starting.
2015-03-20 15:11:18.169 OG Journal[85340:4851418] Multi-tasking -> Device: YES, App: YES
2015-03-20 15:11:18.171 OG Journal[85340:4851418] Unlimited access to network resources
2015-03-20 15:11:18.173 OG Journal[85340:4851418] 

Started backup to iCloud! Please be careful.
Your application might be rejected by Apple if you store too much data.
For more information please read "iOS Data Storage Guidelines" at:
https://developer.apple.com/icloud/documentation/data-storage/
To disable web storage backup to iCloud, set the BackupWebStorage preference to "local" in the Cordova config.xml file

2015-03-20 15:11:18.241 OG Journal[85340:4851418] [CDVTimer][splashscreen] 10.236025ms
2015-03-20 15:11:18.245 OG Journal[85340:4851418] [CDVTimer][statusbar] 3.382027ms
2015-03-20 15:11:18.245 OG Journal[85340:4851418] [CDVTimer][TotalPluginStartup] 13.849020ms
2015-03-20 15:11:18.290 OG Journal[85340:4851418] Resetting plugins due to page load.
2015-03-20 15:11:18.308 OG Journal[85340:4851418] Finished load of: file:///Users/abo/Library/Developer/CoreSimulator/Devices/57CFB452-615B-4E1D-A441-5D7817A61AD2/data/Containers/Bundle/Application/D3947B39-34D7-44C8-858B-C67477FDBBA7/OG%20Journal.app/www/index2.html
2015-03-20 15:11:18.311 OG Journal[85340:4851418] Resetting plugins due to page load.
2015-03-20 15:11:18.461 OG Journal[85340:4851418] Finished load of: http://jdev.osirisguitar.com/
2015-03-20 15:11:18.466 OG Journal[85340:4851418] Resetting plugins due to page load.
2015-03-20 15:11:19.720 OG Journal[85340:4851418] Finished load of: http://jdev.osirisguitar.com/
2015-03-20 15:11:35.543 OG Journal[85494:4852022] Apache Cordova native platform version 3.8.0 is starting.
2015-03-20 15:11:35.544 OG Journal[85494:4852022] Multi-tasking -> Device: YES, App: YES
2015-03-20 15:11:35.545 OG Journal[85494:4852022] Unlimited access to network resources
2015-03-20 15:11:35.546 OG Journal[85494:4852022] 

Started backup to iCloud! Please be careful.
Your application might be rejected by Apple if you store too much data.
For more information please read "iOS Data Storage Guidelines" at:
https://developer.apple.com/icloud/documentation/data-storage/
To disable web storage backup to iCloud, set the BackupWebStorage preference to "local" in the Cordova config.xml file

2015-03-20 15:11:35.607 OG Journal[85494:4852022] [CDVTimer][splashscreen] 9.884000ms
2015-03-20 15:11:35.610 OG Journal[85494:4852022] [CDVTimer][statusbar] 2.960026ms
2015-03-20 15:11:35.611 OG Journal[85494:4852022] [CDVTimer][TotalPluginStartup] 13.104975ms
2015-03-20 15:11:35.654 OG Journal[85494:4852022] Resetting plugins due to page load.
2015-03-20 15:11:35.670 OG Journal[85494:4852022] Finished load of: file:///Users/abo/Library/Developer/CoreSimulator/Devices/57CFB452-615B-4E1D-A441-5D7817A61AD2/data/Containers/Bundle/Application/6A11B848-68A2-4EFB-94F7-B1656FBCDF3A/OG%20Journal.app/www/index2.html
2015-03-20 15:11:35.673 OG Journal[85494:4852022] Resetting plugins due to page load.
2015-03-20 15:11:35.800 OG Journal[85494:4852022] Finished load of: http://jdev.osirisguitar.com/
2015-03-20 15:11:35.804 OG Journal[85494:4852022] Resetting plugins due to page load.
2015-03-20 15:11:36.822 OG Journal[85494:4852022] Finished load of: http://jdev.osirisguitar.com/
2015-03-20 15:12:40.049 OG Journal[85671:4854134] Apache Cordova native platform version 3.8.0 is starting.
2015-03-20 15:12:40.049 OG Journal[85671:4854134] Multi-tasking -> Device: YES, App: YES
2015-03-20 15:12:40.050 OG Journal[85671:4854134] Unlimited access to network resources
2015-03-20 15:12:40.052 OG Journal[85671:4854134] 

Started backup to iCloud! Please be careful.
Your application might be rejected by Apple if you store too much data.
For more information please read "iOS Data Storage Guidelines" at:
https://developer.apple.com/icloud/documentation/data-storage/
To disable web storage backup to iCloud, set the BackupWebStorage preference to "local" in the Cordova config.xml file

2015-03-20 15:12:40.115 OG Journal[85671:4854134] [CDVTimer][splashscreen] 9.562016ms
2015-03-20 15:12:40.118 OG Journal[85671:4854134] [CDVTimer][statusbar] 2.942026ms
2015-03-20 15:12:40.118 OG Journal[85671:4854134] [CDVTimer][TotalPluginStartup] 12.737036ms
2015-03-20 15:12:40.187 OG Journal[85671:4854134] Resetting plugins due to page load.
2015-03-20 15:12:40.206 OG Journal[85671:4854134] Finished load of: file:///Users/abo/Library/Developer/CoreSimulator/Devices/57CFB452-615B-4E1D-A441-5D7817A61AD2/data/Containers/Bundle/Application/0BCB8F3D-D8BF-4A86-A805-B00E66E74CB7/OG%20Journal.app/www/index2.html
2015-03-20 15:12:40.209 OG Journal[85671:4854134] Resetting plugins due to page load.
2015-03-20 15:12:40.350 OG Journal[85671:4854134] Finished load of: http://jdev.osirisguitar.com/
2015-03-20 15:12:40.355 OG Journal[85671:4854134] Resetting plugins due to page load.
2015-03-20 15:12:41.430 OG Journal[85671:4854134] Finished load of: http://jdev.osirisguitar.com/
2015-03-20 15:13:08.053 OG Journal[85818:4854877] Apache Cordova native platform version 3.8.0 is starting.
2015-03-20 15:13:08.053 OG Journal[85818:4854877] Multi-tasking -> Device: YES, App: YES
2015-03-20 15:13:08.054 OG Journal[85818:4854877] Unlimited access to network resources
2015-03-20 15:13:08.057 OG Journal[85818:4854877] 

Started backup to iCloud! Please be careful.
Your application might be rejected by Apple if you store too much data.
For more information please read "iOS Data Storage Guidelines" at:
https://developer.apple.com/icloud/documentation/data-storage/
To disable web storage backup to iCloud, set the BackupWebStorage preference to "local" in the Cordova config.xml file

2015-03-20 15:13:08.130 OG Journal[85818:4854877] [CDVTimer][splashscreen] 11.376023ms
2015-03-20 15:13:08.133 OG Journal[85818:4854877] [CDVTimer][statusbar] 2.878010ms
2015-03-20 15:13:08.133 OG Journal[85818:4854877] [CDVTimer][TotalPluginStartup] 14.472008ms
2015-03-20 15:13:08.198 OG Journal[85818:4854877] Resetting plugins due to page load.
2015-03-20 15:13:08.214 OG Journal[85818:4854877] Finished load of: file:///Users/abo/Library/Developer/CoreSimulator/Devices/57CFB452-615B-4E1D-A441-5D7817A61AD2/data/Containers/Bundle/Application/3E718AF3-CC47-42B7-93F8-C97DB160FAF6/OG%20Journal.app/www/index2.html
2015-03-20 15:13:08.217 OG Journal[85818:4854877] Resetting plugins due to page load.
2015-03-20 15:13:08.366 OG Journal[85818:4854877] Finished load of: http://jdev.osirisguitar.com/
2015-03-20 15:13:08.369 OG Journal[85818:4854877] Resetting plugins due to page load.
2015-03-20 15:13:09.352 OG Journal[85818:4854877] Finished load of: http://jdev.osirisguitar.com/
2015-03-20 15:16:31.940 OG Journal[86228:4859369] Apache Cordova native platform version 3.8.0 is starting.
2015-03-20 15:16:31.941 OG Journal[86228:4859369] Multi-tasking -> Device: YES, App: YES
2015-03-20 15:16:31.942 OG Journal[86228:4859369] Unlimited access to network resources
2015-03-20 15:16:31.943 OG Journal[86228:4859369] 

Started backup to iCloud! Please be careful.
Your application might be rejected by Apple if you store too much data.
For more information please read "iOS Data Storage Guidelines" at:
https://developer.apple.com/icloud/documentation/data-storage/
To disable web storage backup to iCloud, set the BackupWebStorage preference to "local" in the Cordova config.xml file

2015-03-20 15:16:32.005 OG Journal[86228:4859369] [CDVTimer][splashscreen] 9.841025ms
2015-03-20 15:16:32.008 OG Journal[86228:4859369] [CDVTimer][statusbar] 2.897978ms
2015-03-20 15:16:32.009 OG Journal[86228:4859369] [CDVTimer][TotalPluginStartup] 12.973011ms
2015-03-20 15:16:32.077 OG Journal[86228:4859369] Resetting plugins due to page load.
2015-03-20 15:16:32.095 OG Journal[86228:4859369] Finished load of: file:///Users/abo/Library/Developer/CoreSimulator/Devices/57CFB452-615B-4E1D-A441-5D7817A61AD2/data/Containers/Bundle/Application/10C46568-BC32-4461-A078-9C19AA5D31D6/OG%20Journal.app/www/index2.html
2015-03-20 15:16:32.098 OG Journal[86228:4859369] Resetting plugins due to page load.
2015-03-20 15:16:32.228 OG Journal[86228:4859369] Finished load of: http://jdev.osirisguitar.com/
2015-03-20 15:16:32.233 OG Journal[86228:4859369] Resetting plugins due to page load.
2015-03-20 15:16:33.321 OG Journal[86228:4859369] Finished load of: http://jdev.osirisguitar.com/
2015-03-20 15:17:11.585 OG Journal[86386:4860160] Apache Cordova native platform version 3.8.0 is starting.
2015-03-20 15:17:11.586 OG Journal[86386:4860160] Multi-tasking -> Device: YES, App: YES
2015-03-20 15:17:11.587 OG Journal[86386:4860160] Unlimited access to network resources
2015-03-20 15:17:11.589 OG Journal[86386:4860160] 

Started backup to iCloud! Please be careful.
Your application might be rejected by Apple if you store too much data.
For more information please read "iOS Data Storage Guidelines" at:
https://developer.apple.com/icloud/documentation/data-storage/
To disable web storage backup to iCloud, set the BackupWebStorage preference to "local" in the Cordova config.xml file

2015-03-20 15:17:11.651 OG Journal[86386:4860160] [CDVTimer][splashscreen] 10.046005ms
2015-03-20 15:17:11.654 OG Journal[86386:4860160] [CDVTimer][statusbar] 3.028989ms
2015-03-20 15:17:11.654 OG Journal[86386:4860160] [CDVTimer][TotalPluginStartup] 13.297021ms
2015-03-20 15:17:11.716 OG Journal[86386:4860160] Resetting plugins due to page load.
2015-03-20 15:17:11.733 OG Journal[86386:4860160] Finished load of: file:///Users/abo/Library/Developer/CoreSimulator/Devices/57CFB452-615B-4E1D-A441-5D7817A61AD2/data/Containers/Bundle/Application/67B7B23E-705A-4745-B919-78184447B9BA/OG%20Journal.app/www/index2.html
2015-03-20 15:17:11.738 OG Journal[86386:4860160] Resetting plugins due to page load.
2015-03-20 15:17:11.878 OG Journal[86386:4860160] Finished load of: http://jdev.osirisguitar.com/
2015-03-20 15:17:11.883 OG Journal[86386:4860160] Resetting plugins due to page load.
2015-03-20 15:17:12.945 OG Journal[86386:4860160] Finished load of: http://jdev.osirisguitar.com/
2015-03-20 15:20:04.536 OG Journal[86660:4862986] Apache Cordova native platform version 3.8.0 is starting.
2015-03-20 15:20:04.537 OG Journal[86660:4862986] Multi-tasking -> Device: YES, App: YES
2015-03-20 15:20:04.538 OG Journal[86660:4862986] Unlimited access to network resources
2015-03-20 15:20:04.539 OG Journal[86660:4862986] 

Started backup to iCloud! Please be careful.
Your application might be rejected by Apple if you store too much data.
For more information please read "iOS Data Storage Guidelines" at:
https://developer.apple.com/icloud/documentation/data-storage/
To disable web storage backup to iCloud, set the BackupWebStorage preference to "local" in the Cordova config.xml file

2015-03-20 15:20:04.603 OG Journal[86660:4862986] [CDVTimer][splashscreen] 10.011017ms
2015-03-20 15:20:04.606 OG Journal[86660:4862986] [CDVTimer][statusbar] 2.763033ms
2015-03-20 15:20:04.606 OG Journal[86660:4862986] [CDVTimer][TotalPluginStartup] 12.988031ms
2015-03-20 15:20:04.658 OG Journal[86660:4862986] Resetting plugins due to page load.
2015-03-20 15:20:04.674 OG Journal[86660:4862986] Finished load of: file:///Users/abo/Library/Developer/CoreSimulator/Devices/57CFB452-615B-4E1D-A441-5D7817A61AD2/data/Containers/Bundle/Application/D7FC6A3F-63CC-4728-BE04-8B13C2737336/OG%20Journal.app/www/index2.html
2015-03-20 15:20:04.677 OG Journal[86660:4862986] Resetting plugins due to page load.
2015-03-20 15:20:04.812 OG Journal[86660:4862986] Finished load of: http://jdev.osirisguitar.com/
2015-03-20 15:20:04.816 OG Journal[86660:4862986] Resetting plugins due to page load.
2015-03-20 15:20:05.972 OG Journal[86660:4862986] Finished load of: http://jdev.osirisguitar.com/
2015-03-20 15:20:21.338 OG Journal[86771:4863504] Apache Cordova native platform version 3.8.0 is starting.
2015-03-20 15:20:21.339 OG Journal[86771:4863504] Multi-tasking -> Device: YES, App: YES
2015-03-20 15:20:21.340 OG Journal[86771:4863504] Unlimited access to network resources
2015-03-20 15:20:21.342 OG Journal[86771:4863504] 

Started backup to iCloud! Please be careful.
Your application might be rejected by Apple if you store too much data.
For more information please read "iOS Data Storage Guidelines" at:
https://developer.apple.com/icloud/documentation/data-storage/
To disable web storage backup to iCloud, set the BackupWebStorage preference to "local" in the Cordova config.xml file

2015-03-20 15:20:21.433 OG Journal[86771:4863504] [CDVTimer][splashscreen] 11.400044ms
2015-03-20 15:20:21.437 OG Journal[86771:4863504] [CDVTimer][statusbar] 3.407001ms
2015-03-20 15:20:21.437 OG Journal[86771:4863504] [CDVTimer][TotalPluginStartup] 15.103996ms
2015-03-20 15:20:21.507 OG Journal[86771:4863504] Resetting plugins due to page load.
2015-03-20 15:20:21.528 OG Journal[86771:4863504] Finished load of: file:///Users/abo/Library/Developer/CoreSimulator/Devices/57CFB452-615B-4E1D-A441-5D7817A61AD2/data/Containers/Bundle/Application/503F18EE-F3D4-4A54-9B54-4406A1E88176/OG%20Journal.app/www/index2.html
2015-03-20 15:20:21.531 OG Journal[86771:4863504] Resetting plugins due to page load.
2015-03-20 15:20:21.761 OG Journal[86771:4863504] Finished load of: http://jdev.osirisguitar.com/
2015-03-20 15:20:21.767 OG Journal[86771:4863504] Resetting plugins due to page load.
2015-03-20 15:20:22.813 OG Journal[86771:4863504] Finished load of: http://jdev.osirisguitar.com/
2015-03-20 15:20:29.996 OG Journal[86883:4863905] Apache Cordova native platform version 3.8.0 is starting.
2015-03-20 15:20:29.997 OG Journal[86883:4863905] Multi-tasking -> Device: YES, App: YES
2015-03-20 15:20:29.998 OG Journal[86883:4863905] Unlimited access to network resources
2015-03-20 15:20:30.000 OG Journal[86883:4863905] 

Started backup to iCloud! Please be careful.
Your application might be rejected by Apple if you store too much data.
For more information please read "iOS Data Storage Guidelines" at:
https://developer.apple.com/icloud/documentation/data-storage/
To disable web storage backup to iCloud, set the BackupWebStorage preference to "local" in the Cordova config.xml file

2015-03-20 15:20:30.071 OG Journal[86883:4863905] [CDVTimer][splashscreen] 10.571003ms
2015-03-20 15:20:30.074 OG Journal[86883:4863905] [CDVTimer][statusbar] 3.023982ms
2015-03-20 15:20:30.074 OG Journal[86883:4863905] [CDVTimer][TotalPluginStartup] 13.823032ms
2015-03-20 15:20:30.135 OG Journal[86883:4863905] Resetting plugins due to page load.
2015-03-20 15:20:30.153 OG Journal[86883:4863905] Finished load of: file:///Users/abo/Library/Developer/CoreSimulator/Devices/57CFB452-615B-4E1D-A441-5D7817A61AD2/data/Containers/Bundle/Application/3FD8CE36-BAAD-4B81-B574-A02F4B457EC5/OG%20Journal.app/www/index2.html
2015-03-20 15:20:30.156 OG Journal[86883:4863905] Resetting plugins due to page load.
2015-03-20 15:20:30.314 OG Journal[86883:4863905] Finished load of: http://jdev.osirisguitar.com/
2015-03-20 15:20:30.318 OG Journal[86883:4863905] Resetting plugins due to page load.
2015-03-20 15:20:31.405 OG Journal[86883:4863905] Finished load of: http://jdev.osirisguitar.com/
2015-03-20 15:20:49.763 OG Journal[86984:4864563] Apache Cordova native platform version 3.8.0 is starting.
2015-03-20 15:20:49.763 OG Journal[86984:4864563] Multi-tasking -> Device: YES, App: YES
2015-03-20 15:20:49.764 OG Journal[86984:4864563] Unlimited access to network resources
2015-03-20 15:20:49.766 OG Journal[86984:4864563] 

Started backup to iCloud! Please be careful.
Your application might be rejected by Apple if you store too much data.
For more information please read "iOS Data Storage Guidelines" at:
https://developer.apple.com/icloud/documentation/data-storage/
To disable web storage backup to iCloud, set the BackupWebStorage preference to "local" in the Cordova config.xml file

2015-03-20 15:20:49.869 OG Journal[86984:4864563] [CDVTimer][splashscreen] 12.295008ms
2015-03-20 15:20:49.874 OG Journal[86984:4864563] [CDVTimer][statusbar] 4.587948ms
2015-03-20 15:20:49.874 OG Journal[86984:4864563] [CDVTimer][TotalPluginStartup] 17.262042ms
2015-03-20 15:20:49.933 OG Journal[86984:4864563] Resetting plugins due to page load.
2015-03-20 15:20:49.954 OG Journal[86984:4864563] Finished load of: file:///Users/abo/Library/Developer/CoreSimulator/Devices/57CFB452-615B-4E1D-A441-5D7817A61AD2/data/Containers/Bundle/Application/02E3FA0F-B276-40D1-9548-2001143EFCFC/OG%20Journal.app/www/index2.html
2015-03-20 15:20:49.957 OG Journal[86984:4864563] Resetting plugins due to page load.
2015-03-20 15:20:50.140 OG Journal[86984:4864563] Finished load of: http://jdev.osirisguitar.com/
2015-03-20 15:20:50.146 OG Journal[86984:4864563] Resetting plugins due to page load.
2015-03-20 15:20:51.250 OG Journal[86984:4864563] Finished load of: http://jdev.osirisguitar.com/
2015-03-20 15:21:41.432 OG Journal[87169:4865351] Apache Cordova native platform version 3.8.0 is starting.
2015-03-20 15:21:41.433 OG Journal[87169:4865351] Multi-tasking -> Device: YES, App: YES
2015-03-20 15:21:41.434 OG Journal[87169:4865351] Unlimited access to network resources
2015-03-20 15:21:41.436 OG Journal[87169:4865351] 

Started backup to iCloud! Please be careful.
Your application might be rejected by Apple if you store too much data.
For more information please read "iOS Data Storage Guidelines" at:
https://developer.apple.com/icloud/documentation/data-storage/
To disable web storage backup to iCloud, set the BackupWebStorage preference to "local" in the Cordova config.xml file

2015-03-20 15:21:41.500 OG Journal[87169:4865351] [CDVTimer][splashscreen] 9.895980ms
2015-03-20 15:21:41.503 OG Journal[87169:4865351] [CDVTimer][statusbar] 3.271997ms
2015-03-20 15:21:41.503 OG Journal[87169:4865351] [CDVTimer][TotalPluginStartup] 13.378978ms
2015-03-20 15:21:41.558 OG Journal[87169:4865351] Resetting plugins due to page load.
2015-03-20 15:21:41.574 OG Journal[87169:4865351] Finished load of: file:///Users/abo/Library/Developer/CoreSimulator/Devices/57CFB452-615B-4E1D-A441-5D7817A61AD2/data/Containers/Bundle/Application/A255E93B-7E0C-4647-90D1-7E4E1CA25AE8/OG%20Journal.app/www/index2.html
2015-03-20 15:21:41.576 OG Journal[87169:4865351] Resetting plugins due to page load.
2015-03-20 15:21:41.733 OG Journal[87169:4865351] Finished load of: http://localhost:5000/login
2015-03-20 15:21:48.236 OG Journal[87169:4865351] Resetting plugins due to page load.
2015-03-20 15:21:49.300 OG Journal[87169:4865351] Finished load of: http://jdev.osirisguitar.com/
2015-03-20 15:22:09.280 OG Journal[87304:4865992] Apache Cordova native platform version 3.8.0 is starting.
2015-03-20 15:22:09.281 OG Journal[87304:4865992] Multi-tasking -> Device: YES, App: YES
2015-03-20 15:22:09.282 OG Journal[87304:4865992] Unlimited access to network resources
2015-03-20 15:22:09.283 OG Journal[87304:4865992] 

Started backup to iCloud! Please be careful.
Your application might be rejected by Apple if you store too much data.
For more information please read "iOS Data Storage Guidelines" at:
https://developer.apple.com/icloud/documentation/data-storage/
To disable web storage backup to iCloud, set the BackupWebStorage preference to "local" in the Cordova config.xml file

2015-03-20 15:22:09.346 OG Journal[87304:4865992] [CDVTimer][splashscreen] 9.653032ms
2015-03-20 15:22:09.347 OG Journal[87304:4865992] [CDVTimer][statusbar] 1.130998ms
2015-03-20 15:22:09.347 OG Journal[87304:4865992] [CDVTimer][TotalPluginStartup] 10.985970ms
2015-03-20 15:22:09.389 OG Journal[87304:4865992] Resetting plugins due to page load.
2015-03-20 15:22:09.408 OG Journal[87304:4865992] Finished load of: file:///Users/abo/Library/Developer/CoreSimulator/Devices/57CFB452-615B-4E1D-A441-5D7817A61AD2/data/Containers/Bundle/Application/6BA08AF1-722E-4413-9581-AA13E89A9BA6/OG%20Journal.app/www/index2.html
2015-03-20 15:22:09.410 OG Journal[87304:4865992] Resetting plugins due to page load.
2015-03-20 15:22:09.577 OG Journal[87304:4865992] Finished load of: http://localhost:5000/login
2015-03-20 15:22:13.151 OG Journal[87304:4865992] Resetting plugins due to page load.
2015-03-20 15:22:14.188 OG Journal[87304:4865992] Finished load of: http://jdev.osirisguitar.com/
2015-03-20 15:23:26.172 OG Journal[87474:4867007] Apache Cordova native platform version 3.8.0 is starting.
2015-03-20 15:23:26.173 OG Journal[87474:4867007] Multi-tasking -> Device: YES, App: YES
2015-03-20 15:23:26.174 OG Journal[87474:4867007] Unlimited access to network resources
2015-03-20 15:23:26.176 OG Journal[87474:4867007] 

Started backup to iCloud! Please be careful.
Your application might be rejected by Apple if you store too much data.
For more information please read "iOS Data Storage Guidelines" at:
https://developer.apple.com/icloud/documentation/data-storage/
To disable web storage backup to iCloud, set the BackupWebStorage preference to "local" in the Cordova config.xml file

2015-03-20 15:23:26.261 OG Journal[87474:4867007] [CDVTimer][splashscreen] 10.066986ms
2015-03-20 15:23:26.263 OG Journal[87474:4867007] [CDVTimer][statusbar] 1.587033ms
2015-03-20 15:23:26.263 OG Journal[87474:4867007] [CDVTimer][TotalPluginStartup] 11.922956ms
2015-03-20 15:23:26.310 OG Journal[87474:4867007] Resetting plugins due to page load.
2015-03-20 15:23:26.324 OG Journal[87474:4867007] Finished load of: file:///Users/abo/Library/Developer/CoreSimulator/Devices/57CFB452-615B-4E1D-A441-5D7817A61AD2/data/Containers/Bundle/Application/F4AA4EB7-186C-4575-939F-B1C0A36536A9/OG%20Journal.app/www/index2.html
2015-03-20 15:23:26.327 OG Journal[87474:4867007] Resetting plugins due to page load.
2015-03-20 15:23:26.464 OG Journal[87474:4867007] Finished load of: http://localhost:5000/login
2015-03-20 15:23:27.648 OG Journal[87474:4867007] Resetting plugins due to page load.
2015-03-20 15:23:29.299 OG Journal[87474:4867007] Finished load of: http://jdev.osirisguitar.com/
